\BOOKMARK [1][-]{section.1}{\376\377\004\034\004\065\004\105\004\060\004\075\004\070\004\072\004\060\000.}{}% 1
\BOOKMARK [2][-]{subsection.1.1}{\376\377\004\032\004\070\004\075\004\065\004\074\004\060\004\102\004\070\004\072\004\060\000.}{section.1}% 2
\BOOKMARK [3][-]{subsubsection.1.1.1}{\376\377\004\040\004\060\004\062\004\075\004\076\004\074\004\065\004\100\004\075\004\076\004\065\000\040\004\077\004\100\004\117\004\074\004\076\004\073\004\070\004\075\004\065\004\071\004\075\004\076\004\065\000\040\004\064\004\062\004\070\004\066\004\065\004\075\004\070\004\065\000.}{subsection.1.1}% 3
\BOOKMARK [3][-]{subsubsection.1.1.2}{\376\377\004\024\004\062\004\070\004\066\004\065\004\075\004\070\004\065\000\040\004\077\004\076\004\064\000\040\004\103\004\063\004\073\004\076\004\074\000\040\004\063\004\076\004\100\004\070\004\067\004\076\004\075\004\102\004\060\000.}{subsection.1.1}% 4
\BOOKMARK [3][-]{subsubsection.1.1.3}{\376\377\004\022\004\065\004\072\004\102\004\076\004\100\004\075\004\113\004\071\000\040\004\077\004\076\004\064\004\105\004\076\004\064\000\040\004\072\000\040\004\067\004\060\004\064\004\060\004\107\004\060\004\074\000\040\004\101\000\040\004\061\004\100\004\076\004\101\004\072\004\076\004\074\000\040\004\077\004\076\004\064\000\040\004\103\004\063\004\073\004\076\004\074\000\040\004\063\004\076\004\100\004\070\004\067\004\076\004\075\004\102\004\060\000\040\000\050\004\061\004\060\004\073\004\073\004\070\004\101\004\102\004\070\004\107\004\065\004\101\004\072\004\070\004\074\000\040\004\067\004\060\004\064\004\060\004\107\004\060\004\074\000\051\000.}{subsection.1.1}% 5
\BOOKMARK [3][-]{subsubsection.1.1.4}{\376\377\004\024\004\062\004\070\004\066\004\065\004\075\004\070\004\065\000\040\004\077\004\076\000\040\004\076\004\072\004\100\004\103\004\066\004\075\004\076\004\101\004\102\004\070\000.}{subsection.1.1}% 6
\BOOKMARK [3][-]{subsubsection.1.1.5}{\376\377\004\036\004\102\004\075\004\076\004\101\004\070\004\102\004\065\004\073\004\114\004\075\004\076\004\101\004\102\004\114\000\040\004\064\004\062\004\070\004\066\004\065\004\075\004\070\004\065\000.\000\040\004\037\004\100\004\065\004\076\004\061\004\100\004\060\004\067\004\076\004\062\004\060\004\075\004\070\004\065\000\040\004\023\004\060\004\073\004\070\004\073\004\065\004\117\000.}{subsection.1.1}% 7
\BOOKMARK [2][-]{subsection.1.2}{\376\377\004\024\004\070\004\075\004\060\004\074\004\070\004\072\004\060\000.}{section.1}% 8
\BOOKMARK [3][-]{subsubsection.1.2.1}{\376\377\004\041\004\070\004\073\004\060\000\040\004\102\004\100\004\065\004\075\004\070\004\117\000.}{subsection.1.2}% 9
\BOOKMARK [3][-]{subsubsection.1.2.2}{\376\377\004\041\004\070\004\073\004\060\000\040\004\103\004\077\004\100\004\103\004\063\004\076\004\101\004\102\004\070\000.}{subsection.1.2}% 10
\BOOKMARK [3][-]{subsubsection.1.2.3}{\376\377\004\023\004\100\004\060\004\062\004\070\004\102\004\060\004\106\004\070\004\117\000.}{subsection.1.2}% 11
\BOOKMARK [3][-]{subsubsection.1.2.4}{\376\377\004\035\004\065\000\040\004\070\004\075\004\065\004\100\004\106\004\070\004\060\004\073\004\114\004\075\004\113\004\065\000\040\004\101\004\070\004\101\004\102\004\065\004\074\004\113\000\040\004\076\004\102\004\101\004\107\004\065\004\102\004\060\000.}{subsection.1.2}% 12
\BOOKMARK [2][-]{subsection.1.3}{\376\377\004\027\004\060\004\072\004\076\004\075\004\113\000\040\004\101\004\076\004\105\004\100\004\060\004\075\004\065\004\075\004\070\004\117\000.}{section.1}% 13
\BOOKMARK [3][-]{subsubsection.1.3.1}{\376\377\004\027\004\060\004\072\004\076\004\075\000\040\004\101\004\076\004\105\004\100\004\060\004\075\004\065\004\075\004\070\004\117\000\040\004\070\004\074\004\077\004\103\004\073\004\114\004\101\004\060\000.}{subsection.1.3}% 14
\BOOKMARK [2][-]{subsection.1.4}{\376\377\004\040\004\065\004\060\004\072\004\102\004\070\004\062\004\075\004\076\004\065\000\040\004\064\004\062\004\070\004\066\004\065\004\075\004\070\004\065\000.}{section.1}% 15
\BOOKMARK [2][-]{subsection.1.5}{\376\377\004\034\004\065\004\105\004\060\004\075\004\070\004\107\004\065\004\101\004\072\004\060\004\117\000\040\004\100\004\060\004\061\004\076\004\102\004\060\000.}{section.1}% 16
\BOOKMARK [2][-]{subsection.1.6}{\376\377\004\034\004\065\004\105\004\060\004\075\004\070\004\107\004\065\004\101\004\072\004\060\004\117\000\040\004\115\004\075\004\065\004\100\004\063\004\070\004\117\000.}{section.1}% 17
\BOOKMARK [2][-]{subsection.1.7}{\376\377\004\037\004\076\004\102\004\065\004\075\004\106\004\070\004\060\004\073\004\114\004\075\004\060\004\117\000\040\004\115\004\075\004\065\004\100\004\063\004\070\004\117\000\040\004\101\004\070\004\073\004\113\000\040\004\102\004\117\004\063\004\076\004\102\004\065\004\075\004\070\004\117\000.}{section.1}% 18
\BOOKMARK [2][-]{subsection.1.8}{\376\377\004\041\004\102\004\060\004\102\004\070\004\072\004\060\000\040\004\060\004\061\004\101\004\076\004\073\004\116\004\102\004\075\004\076\000\040\004\103\004\077\004\100\004\103\004\063\004\076\004\063\004\076\000\040\004\102\004\065\004\073\004\060\000.}{section.1}% 19
\BOOKMARK [2][-]{subsection.1.9}{\376\377\004\036\004\101\004\075\004\076\004\062\004\075\004\076\004\065\000\040\004\103\004\100\004\060\004\062\004\075\004\065\004\075\004\070\004\065\000\040\004\064\004\070\004\075\004\060\004\074\004\070\004\072\004\070\000\040\004\062\004\100\004\060\004\111\004\060\004\102\004\065\004\073\004\114\004\075\004\076\004\063\004\076\000\040\004\064\004\062\004\070\004\066\004\065\004\075\004\070\004\117\000.}{section.1}% 20
\BOOKMARK [2][-]{subsection.1.10}{\376\377\004\055\004\075\004\065\004\100\004\063\004\070\004\117\000\040\004\062\004\100\004\060\004\111\004\060\004\102\004\065\004\073\004\114\004\075\004\076\004\063\004\076\000\040\004\064\004\062\004\070\004\066\004\065\004\075\004\070\004\117\000\040\004\102\004\065\004\073\004\060\000.}{section.1}% 21
\BOOKMARK [2][-]{subsection.1.11}{\376\377\004\042\004\065\004\076\004\100\004\065\004\074\004\060\000\040\004\023\004\116\004\071\004\063\004\065\004\075\004\101\004\060\000-\004\050\004\102\004\065\004\071\004\075\004\065\004\100\004\060\000.}{section.1}% 22
\BOOKMARK [2][-]{subsection.1.12}{\376\377\004\027\004\060\004\072\004\076\004\075\000\040\004\101\004\076\004\105\004\100\004\060\004\075\004\065\004\075\004\070\004\117\000\040\004\074\004\076\004\074\004\065\004\075\004\102\004\060\000\040\004\070\004\074\004\077\004\103\004\073\004\114\004\101\004\060\000.}{section.1}% 23
\BOOKMARK [2][-]{subsection.1.13}{\376\377\004\032\004\076\004\073\004\065\004\061\004\060\004\075\004\070\004\117\000.}{section.1}% 24
\BOOKMARK [2][-]{subsection.1.14}{\376\377\004\034\004\065\004\105\004\060\004\075\004\070\004\107\004\065\004\101\004\072\004\070\004\065\000\040\004\062\004\076\004\073\004\075\004\113\000.}{section.1}% 25
\BOOKMARK [3][-]{subsubsection.1.14.1}{\376\377\004\027\004\062\004\103\004\072\000.}{subsection.1.14}% 26
\BOOKMARK [2][-]{subsection.1.15}{\376\377\004\055\004\073\004\065\004\072\004\102\004\100\004\076\004\074\004\060\004\063\004\075\004\070\004\102\004\075\004\113\004\065\000\040\004\062\004\076\004\073\004\075\004\113\000.}{section.1}% 27
\BOOKMARK [2][-]{subsection.1.16}{\376\377\004\023\004\070\004\064\004\100\004\076\004\101\004\102\004\060\004\102\004\070\004\072\004\060\000.}{section.1}% 28
\BOOKMARK [2][-]{subsection.1.17}{\376\377\004\023\004\070\004\064\004\100\004\076\004\064\004\070\004\075\004\060\004\074\004\070\004\072\004\060\000.}{section.1}% 29
\BOOKMARK [2][-]{subsection.1.18}{\376\377\004\022\004\117\004\067\004\072\004\076\004\065\000\040\004\102\004\100\004\065\004\075\004\070\004\065\000.}{section.1}% 30
